\BOOKMARK [0][-]{chapter.1}{Introduction}{}% 1
\BOOKMARK [0][-]{chapter.2}{Token Passing Networks}{}% 2
\BOOKMARK [1][-]{section.2.1}{ Specific TPN }{chapter.2}% 3
\BOOKMARK [0][-]{chapter.3}{Permutation Encoding}{}% 4
\BOOKMARK [1][-]{section.3.1}{ Encoding and Decoding }{chapter.3}% 5
\BOOKMARK [0][-]{chapter.4}{From Networks to Automata}{}% 6
\BOOKMARK [1][-]{section.4.1}{Functions}{chapter.4}% 7
\BOOKMARK [0][-]{chapter.5}{From Automata to Networks}{}% 8
\BOOKMARK [1][-]{section.5.1}{Functions}{chapter.5}% 9
\BOOKMARK [0][-]{chapter.6}{Pattern Classes}{}% 10
\BOOKMARK [1][-]{section.6.1}{Transducers}{chapter.6}% 11
\BOOKMARK [1][-]{section.6.2}{From Class to Basis and vice versa}{chapter.6}% 12
\BOOKMARK [1][-]{section.6.3}{Direct Sum of Regular Classes}{chapter.6}% 13
\BOOKMARK [1][-]{section.6.4}{Statistical Inspections}{chapter.6}% 14
\BOOKMARK [0][-]{chapter.7}{Some Permutation Essentials}{}% 15
\BOOKMARK [1][-]{section.7.1}{ Complement }{chapter.7}% 16
\BOOKMARK [1][-]{section.7.2}{ Rank Encoding }{chapter.7}% 17
\BOOKMARK [0][-]{chapter.8}{Properties of Permutations }{}% 18
\BOOKMARK [1][-]{section.8.1}{ Intervals in Permutations }{chapter.8}% 19
\BOOKMARK [1][-]{section.8.2}{ Simplicity }{chapter.8}% 20
\BOOKMARK [1][-]{section.8.3}{ Point Deletion in Simple Permutations }{chapter.8}% 21
\BOOKMARK [1][-]{section.8.4}{ Block-Decomposition }{chapter.8}% 22
\BOOKMARK [1][-]{section.8.5}{ Plus-Decomposability }{chapter.8}% 23
\BOOKMARK [1][-]{section.8.6}{ Minus-Decomposability }{chapter.8}% 24
\BOOKMARK [1][-]{section.8.7}{ Sums of Permutations }{chapter.8}% 25
\BOOKMARK [0][-]{chapter.9}{ Regular Languages of Sets of Permutations }{}% 26
\BOOKMARK [1][-]{section.9.1}{ Inversions in Permutations }{chapter.9}% 27
\BOOKMARK [1][-]{section.9.2}{ Plus- and Minus-\(In\)Decomposablilty }{chapter.9}% 28
\BOOKMARK [1][-]{section.9.3}{ Language of all non-simple permutations }{chapter.9}% 29
\BOOKMARK [1][-]{section.9.4}{ Simplicity }{chapter.9}% 30
\BOOKMARK [1][-]{section.9.5}{Exceptionality}{chapter.9}% 31
\BOOKMARK [0][-]{chapter.10}{ Miscellaneous functions }{}% 32
\BOOKMARK [1][-]{section.10.1}{ Automaton Manipulation }{chapter.10}% 33
\BOOKMARK [0][-]{section*.4}{Index}{}% 34
\BOOKMARK [0][-]{chapter*.5}{References}{}% 35
